==188269== Helgrind, a thread error detector
==188269== Copyright (C) 2007-2017, and GNU GPL'd, by OpenWorks LLP et al.
==188269== Using Valgrind-3.18.1 and LibVEX; rerun with -h for copyright info
==188269== Command: philo//philo 200 410 200 80 10
==188269== 
7 0 has taken a fork
10 0 has taken a fork
10 0 is eating
12 2 has taken a fork
12 2 has taken a fork
13 2 is eating
14 4 has taken a fork
14 4 has taken a fork
14 4 is eating
16 6 has taken a fork
16 6 has taken a fork
16 6 is eating
17 8 has taken a fork
17 8 has taken a fork
17 8 is eating
18 10 has taken a fork
18 10 has taken a fork
18 10 is eating
20 12 has taken a fork
20 12 has taken a fork
20 12 is eating
21 14 has taken a fork
21 14 has taken a fork
21 14 is eating
22 16 has taken a fork
22 16 has taken a fork
22 16 is eating
23 18 has taken a fork
23 18 has taken a fork
23 18 is eating
24 20 has taken a fork
25 20 has taken a fork
25 20 is eating
26 22 has taken a fork
26 22 has taken a fork
26 22 is eating
27 24 has taken a fork
27 24 has taken a fork
27 24 is eating
28 26 has taken a fork
28 26 has taken a fork
28 26 is eating
29 28 has taken a fork
29 28 has taken a fork
30 28 is eating
31 30 has taken a fork
31 30 has taken a fork
31 30 is eating
32 32 has taken a fork
32 32 has taken a fork
32 32 is eating
33 34 has taken a fork
34 34 has taken a fork
34 34 is eating
35 36 has taken a fork
35 36 has taken a fork
35 36 is eating
36 38 has taken a fork
36 38 has taken a fork
36 38 is eating
37 40 has taken a fork
37 40 has taken a fork
37 40 is eating
39 42 has taken a fork
39 42 has taken a fork
39 42 is eating
40 44 has taken a fork
40 44 has taken a fork
40 44 is eating
41 46 has taken a fork
42 46 has taken a fork
42 46 is eating
43 48 has taken a fork
43 48 has taken a fork
43 48 is eating
44 50 has taken a fork
44 50 has taken a fork
44 50 is eating
45 52 has taken a fork
45 52 has taken a fork
45 52 is eating
47 54 has taken a fork
47 54 has taken a fork
47 54 is eating
48 56 has taken a fork
48 56 has taken a fork
48 56 is eating
49 58 has taken a fork
50 58 has taken a fork
50 58 is eating
51 60 has taken a fork
51 60 has taken a fork
51 60 is eating
52 62 has taken a fork
52 62 has taken a fork
52 62 is eating
54 64 has taken a fork
54 64 has taken a fork
54 64 is eating
55 66 has taken a fork
55 66 has taken a fork
55 66 is eating
56 68 has taken a fork
56 68 has taken a fork
56 68 is eating
57 70 has taken a fork
57 70 has taken a fork
58 70 is eating
59 72 has taken a fork
59 72 has taken a fork
59 72 is eating
60 74 has taken a fork
60 74 has taken a fork
60 74 is eating
61 76 has taken a fork
61 76 has taken a fork
61 76 is eating
62 78 has taken a fork
62 78 has taken a fork
63 78 is eating
64 80 has taken a fork
64 80 has taken a fork
64 80 is eating
65 82 has taken a fork
65 82 has taken a fork
65 82 is eating
66 84 has taken a fork
66 84 has taken a fork
67 84 is eating
68 86 has taken a fork
68 86 has taken a fork
68 86 is eating
69 88 has taken a fork
69 88 has taken a fork
70 88 is eating
71 90 has taken a fork
71 90 has taken a fork
71 90 is eating
72 92 has taken a fork
72 92 has taken a fork
72 92 is eating
73 94 has taken a fork
74 94 has taken a fork
74 94 is eating
75 96 has taken a fork
75 96 has taken a fork
75 96 is eating
76 98 has taken a fork
76 98 has taken a fork
76 98 is eating
77 100 has taken a fork
77 100 has taken a fork
77 100 is eating
78 102 has taken a fork
79 102 has taken a fork
79 102 is eating
81 104 has taken a fork
81 104 has taken a fork
81 104 is eating
82 106 has taken a fork
82 106 has taken a fork
82 106 is eating
83 108 has taken a fork
83 108 has taken a fork
83 108 is eating
85 110 has taken a fork
85 110 has taken a fork
85 110 is eating
86 112 has taken a fork
86 112 has taken a fork
86 112 is eating
88 114 has taken a fork
88 114 has taken a fork
88 114 is eating
89 116 has taken a fork
89 116 has taken a fork
90 116 is eating
91 118 has taken a fork
91 118 has taken a fork
91 118 is eating
93 120 has taken a fork
93 120 has taken a fork
93 120 is eating
94 122 has taken a fork
94 122 has taken a fork
94 122 is eating
95 124 has taken a fork
95 124 has taken a fork
95 124 is eating
97 126 has taken a fork
97 126 has taken a fork
97 126 is eating
98 128 has taken a fork
98 128 has taken a fork
98 128 is eating
99 130 has taken a fork
99 130 has taken a fork
101 130 is eating
102 132 has taken a fork
102 132 has taken a fork
102 132 is eating
104 134 has taken a fork
104 134 has taken a fork
104 134 is eating
105 136 has taken a fork
106 136 has taken a fork
106 136 is eating
107 138 has taken a fork
107 138 has taken a fork
107 138 is eating
108 140 has taken a fork
108 140 has taken a fork
108 140 is eating
111 142 has taken a fork
111 142 has taken a fork
111 142 is eating
112 144 has taken a fork
112 144 has taken a fork
112 144 is eating
113 146 has taken a fork
113 146 has taken a fork
113 146 is eating
114 148 has taken a fork
115 148 has taken a fork
115 148 is eating
116 150 has taken a fork
116 150 has taken a fork
116 150 is eating
117 152 has taken a fork
117 152 has taken a fork
117 152 is eating
118 154 has taken a fork
118 154 has taken a fork
118 154 is eating
120 156 has taken a fork
120 156 has taken a fork
120 156 is eating
121 158 has taken a fork
121 158 has taken a fork
121 158 is eating
122 160 has taken a fork
122 160 has taken a fork
123 160 is eating
124 162 has taken a fork
124 162 has taken a fork
124 162 is eating
125 164 has taken a fork
125 164 has taken a fork
125 164 is eating
126 166 has taken a fork
127 166 has taken a fork
127 166 is eating
128 168 has taken a fork
128 168 has taken a fork
128 168 is eating
129 170 has taken a fork
129 170 has taken a fork
129 170 is eating
130 172 has taken a fork
131 172 has taken a fork
131 172 is eating
132 174 has taken a fork
132 174 has taken a fork
132 174 is eating
134 176 has taken a fork
134 176 has taken a fork
134 176 is eating
135 178 has taken a fork
136 178 has taken a fork
136 178 is eating
137 180 has taken a fork
137 180 has taken a fork
137 180 is eating
139 182 has taken a fork
139 182 has taken a fork
139 182 is eating
140 184 has taken a fork
140 184 has taken a fork
140 184 is eating
142 186 has taken a fork
142 186 has taken a fork
142 186 is eating
143 188 has taken a fork
143 188 has taken a fork
143 188 is eating
144 190 has taken a fork
144 190 has taken a fork
144 190 is eating
146 192 has taken a fork
146 192 has taken a fork
146 192 is eating
147 194 has taken a fork
147 194 has taken a fork
148 194 is eating
149 196 has taken a fork
149 196 has taken a fork
149 196 is eating
150 198 has taken a fork
150 198 has taken a fork
150 198 is eating
412 0 died
==188269== 
==188269== Use --history-level=approx or =none to gain increased speed, at
==188269== the cost of reduced accuracy of conflicting-access information
==188269== For lists of detected and suppressed errors, rerun with: -s
==188269== ERROR SUMMARY: 0 errors from 0 contexts (suppressed: 63805 from 124)
